C51 COMPILER V9.57.0.0   MAIN                                                              12/01/2019 17:22:59 PAGE 1   


C51 COMPILER V9.57.0.0, COMPILATION OF MODULE MAIN
OBJECT MODULE PLACED IN .\Objects\main.obj
COMPILER INVOKED BY: E:\MDK\install\Core\C51\BIN\C51.EXE main.c OPTIMIZE(8,SPEED) BROWSE DEBUG OBJECTEXTEND PRINT(.\List
                    -ings\main.lst) OBJECT(.\Objects\main.obj)

line level    source

   1          #include <reg52.h>
   2          #include <intrins.h>
   3          #define uchar unsigned char
   4          #define uint unsigned int
   5          sbit HC138_A = P2^5;
   6          sbit HC138_B = P2^6;
   7          sbit HC138_C = P2^7;
   8          uchar led[] = {0xFC,0xF3,0xCF,0x3F};
   9          
  10          /**********************************************************
  11          *  函数名称：15ms延时函数
  12          *  日期：2019-12-01
  13          *  姓名：ZhangHJ
  14          *  说明：由STC-ISP软件自动生成
  15          ***********************************************************/
  16          void Delay15ms()                //@11.0592MHz
  17          {
  18   1              unsigned char i, j, k;
  19   1              _nop_();
  20   1              _nop_();
  21   1              i = 1;
  22   1              j = 162;
  23   1              k = 89;
  24   1              do
  25   1              {
  26   2                      do
  27   2                      {
  28   3                              while (--k);
  29   3                      } while (--j);
  30   2              } while (--i);
  31   1      }
  32          
  33          
  34          
  35          /**********************************************************
  36          *  函数名称：系统初始化函数
  37          *  日期：2019-12-01
  38          *  姓名：ZhangHJ
  39          *  说明：关闭蜂鸣器,继电器和LED
  40          ***********************************************************/
  41          void System_Init()
  42          {
  43   1              HC138_A = 1;
  44   1              HC138_B = 0;
  45   1              HC138_C = 1;
  46   1              WR = 0;
  47   1              P0 = 0x00;
  48   1              HC138_A = 0;
  49   1              HC138_B = 0;
  50   1              HC138_C = 1;
  51   1              WR = 0;
  52   1              P0 = 0xFF;
  53   1      }
  54          
C51 COMPILER V9.57.0.0   MAIN                                                              12/01/2019 17:22:59 PAGE 2   

  55          
  56          
  57          /**********************************************************
  58          *  函数名称：LED显示函数
  59          *  日期：2019-12-01
  60          *  姓名：ZhangHJ
  61          *  说明：显示led数组里的数字
  62          ***********************************************************/
  63          void LED_Display(uchar num)
  64          {
  65   1              uchar display = led[num];
  66   1              HC138_A = 0;
  67   1              HC138_B = 0;
  68   1              HC138_C = 1;
  69   1              WR = 0;
  70   1              P0 = display;
  71   1      }
  72          
  73          
  74          
  75          // 主函数功能：由独立按键控制LED显示
  76          void main()
  77          {
  78   1              uchar flag;
  79   1              System_Init();
  80   1              while(1)
  81   1              {
  82   2                      P3 |= 0x0f;
  83   2                      flag = P3|0xf0;
  84   2                      if(flag != 0xff)
  85   2                      {
  86   3                              Delay15ms();
  87   3                              switch(flag|0xf0)
  88   3                              {
  89   4                                      case 0xfe:
  90   4                                              LED_Display(0);
  91   4                                              break;
  92   4                                      case 0xfd:
  93   4                                              LED_Display(1);
  94   4                                              break;
  95   4                                      case 0xfb:
  96   4                                              LED_Display(2);
  97   4                                              break;
  98   4                                      case 0xf7:
  99   4                                              LED_Display(3);
 100   4                                              break;
 101   4                              }
 102   3                      }
 103   2              }
 104   1              
 105   1              
 106   1      }


MODULE INFORMATION:   STATIC OVERLAYABLE
   CODE SIZE        =    111    ----
   CONSTANT SIZE    =   ----    ----
   XDATA SIZE       =   ----    ----
   PDATA SIZE       =   ----    ----
   DATA SIZE        =      4    ----
   IDATA SIZE       =   ----    ----
   BIT SIZE         =   ----    ----
C51 COMPILER V9.57.0.0   MAIN                                                              12/01/2019 17:22:59 PAGE 3   

END OF MODULE INFORMATION.


C51 COMPILATION COMPLETE.  0 WARNING(S),  0 ERROR(S)
