C51 COMPILER V9.57.0.0   MAIN                                                              12/01/2019 11:09:11 PAGE 1   


C51 COMPILER V9.57.0.0, COMPILATION OF MODULE MAIN
OBJECT MODULE PLACED IN .\Objects\main.obj
COMPILER INVOKED BY: E:\MDK\install\Core\C51\BIN\C51.EXE main.c OPTIMIZE(8,SPEED) BROWSE DEBUG OBJECTEXTEND PRINT(.\List
                    -ings\main.lst) OBJECT(.\Objects\main.obj)

line level    source

   1          #include <reg52.h>
   2          #include <intrins.h>
   3          #define uchar unsigned char
   4          #define uint unsigned int
   5          sbit HC138_A = P2^5;
   6          sbit HC138_B = P2^6;
   7          sbit HC138_C = P2^7;
   8          
   9          // Digital tube segment from 0 to 9
  10          uchar code tab[] = {0xc0,0xf9,0xa4,0xb0,0x99,0x92,0x82,0xf8,0x80,0x90};
  11          
  12          void Delay1000ms()              //@11.0592MHz
  13          {
  14   1              unsigned char i, j, k;
  15   1              _nop_();
  16   1              _nop_();
  17   1              i = 43;
  18   1              j = 6;
  19   1              k = 203;
  20   1              do
  21   1              {
  22   2                      do
  23   2                      {
  24   3                              while (--k);
  25   3                      } while (--j);
  26   2              } while (--i);
  27   1      }
  28          
  29          
  30          void System_Init()
  31          {
  32   1              HC138_A = 1;
  33   1              HC138_B = 0;
  34   1              HC138_C = 1;
  35   1              WR = 0;         // Reset WR  -->  Set Y5C
  36   1              P0 = 0x00;
  37   1              HC138_A = 0;
  38   1              HC138_B = 0;
  39   1              HC138_C = 1;
  40   1              WR = 0;         // Reset WR  -->  Set Y4C
  41   1              P0 = 0xFF;
  42   1      }
  43          void tube_selection()
  44          {
  45   1              // Reset Y6
  46   1              HC138_A = 0;
  47   1              HC138_B = 1;
  48   1              HC138_C = 1;
  49   1              WR = 0;         // Reset WR  -->  Set Y6C
  50   1              // Digital tube selection
  51   1              P0 = 0xFF;
  52   1      }
  53          
  54          void tube_segment()
C51 COMPILER V9.57.0.0   MAIN                                                              12/01/2019 11:09:11 PAGE 2   

  55          {
  56   1              // Reset Y7
  57   1              HC138_A = 1;
  58   1              HC138_B = 1;
  59   1              HC138_C = 1;
  60   1              WR = 0;         // Reset WR  -->  Set Y7C
  61   1      }
  62          
  63          void main()
  64          {
  65   1              uint i;
  66   1              System_Init();
  67   1              tube_selection();
  68   1              tube_segment();
  69   1              while(1)
  70   1              {
  71   2                      // Digital tube segment selection
  72   2                      for(i=0; i<9; i++)
  73   2                      {
  74   3                              P0 = tab[i];
  75   3                              Delay1000ms();
  76   3                      }
  77   2              }
  78   1      }


MODULE INFORMATION:   STATIC OVERLAYABLE
   CODE SIZE        =    101    ----
   CONSTANT SIZE    =     10    ----
   XDATA SIZE       =   ----    ----
   PDATA SIZE       =   ----    ----
   DATA SIZE        =   ----    ----
   IDATA SIZE       =   ----    ----
   BIT SIZE         =   ----    ----
END OF MODULE INFORMATION.


C51 COMPILATION COMPLETE.  0 WARNING(S),  0 ERROR(S)
