C51 COMPILER V9.57.0.0   MAIN                                                              12/01/2019 15:21:51 PAGE 1   


C51 COMPILER V9.57.0.0, COMPILATION OF MODULE MAIN
OBJECT MODULE PLACED IN .\Objects\main.obj
COMPILER INVOKED BY: E:\MDK\install\Core\C51\BIN\C51.EXE main.c OPTIMIZE(8,SPEED) BROWSE DEBUG OBJECTEXTEND PRINT(.\List
                    -ings\main.lst) OBJECT(.\Objects\main.obj)

line level    source

   1          #include <reg52.h>
   2          #include <intrins.h>
   3          #define uchar unsigned char
   4          #define uint unsigned int
   5          #define OFF_SEGMENT 10
   6          #define OFF_SELECTION 0
   7          sbit HC138_A = P2^5;
   8          sbit HC138_B = P2^6;
   9          sbit HC138_C = P2^7;
  10          
  11          uchar code tab[] = {0xc0,0xf9,0xa4,0xb0,0x99,0x92,0x82,0xf8,0x80,0x90,0xff};
  12          uchar code segment[] = {0x01,0x02,0x04,0x08,0x10,0x20,0x40,0x80};
  13          
  14          void Delay600us()               //@11.0592MHz
  15          {
  16   1              unsigned char i, j;
  17   1              i = 7;
  18   1              j = 113;
  19   1              do
  20   1              {
  21   2                      while (--j);
  22   2              } while (--i);
  23   1      }
  24          
  25          
  26          void System_Init()
  27          {
  28   1              HC138_A = 1;
  29   1              HC138_B = 0;
  30   1              HC138_C = 1;
  31   1              WR = 0;
  32   1              P0 = 0x00;
  33   1              HC138_A = 0;
  34   1              HC138_B = 0;
  35   1              HC138_C = 1;
  36   1              WR = 0;
  37   1              P0 = 0xFF;
  38   1      }
  39          
  40          void tube_segment(uint number)
  41          {
  42   1              uchar segment;
  43   1              segment = tab[number];
  44   1              HC138_A = 1;
  45   1              HC138_B = 1;
  46   1              HC138_C = 1;
  47   1              WR = 0;                 // Y7C
  48   1              P0 = segment;
  49   1      }
  50          
  51          void tube_selection(uchar selection)
  52          {
  53   1              HC138_A = 0;
  54   1              HC138_B = 1;
C51 COMPILER V9.57.0.0   MAIN                                                              12/01/2019 15:21:51 PAGE 2   

  55   1              HC138_C = 1;
  56   1              WR = 0;
  57   1              P0 = selection;
  58   1      }
  59          
  60          void tube_show(uint number, uchar segment)
  61          {
  62   1              tube_selection(OFF_SELECTION);
  63   1              tube_segment(number);
  64   1              tube_selection(segment);
  65   1              Delay600us();
  66   1              tube_segment(OFF_SEGMENT);
  67   1      }
  68          
  69          void main()
  70          {
  71   1              uchar i;
  72   1              System_Init();
  73   1              while(1)
  74   1              {
  75   2                      for(i=0; i<8; i++)
  76   2                      {
  77   3                              tube_show(i, segment[i]);
  78   3                      }
  79   2              }
  80   1      }


MODULE INFORMATION:   STATIC OVERLAYABLE
   CODE SIZE        =    118    ----
   CONSTANT SIZE    =     19    ----
   XDATA SIZE       =   ----    ----
   PDATA SIZE       =   ----    ----
   DATA SIZE        =   ----    ----
   IDATA SIZE       =   ----    ----
   BIT SIZE         =   ----    ----
END OF MODULE INFORMATION.


C51 COMPILATION COMPLETE.  0 WARNING(S),  0 ERROR(S)
