C51 COMPILER V9.57.0.0   LED                                                               01/02/2020 16:20:57 PAGE 1   


C51 COMPILER V9.57.0.0, COMPILATION OF MODULE LED
OBJECT MODULE PLACED IN .\Objects\led.obj
COMPILER INVOKED BY: E:\MDK\install\Core\C51\BIN\C51.EXE led.c OPTIMIZE(8,SPEED) BROWSE DEBUG OBJECTEXTEND PRINT(.\Listi
                    -ngs\led.lst) OBJECT(.\Objects\led.obj)

line level    source

   1          #include "led.h"
   2          
   3          /**********************************************************
   4          *  函数名称：100毫秒延时函数(11.0592MHz)
   5          *  日期：2019-11-29
   6          *  姓名：ZhangHJ
   7          *  说明：由STC-ISP软件自动生成
   8          ***********************************************************/
   9          void Delay100ms()               //@11.0592MHz
  10          {
  11   1              unsigned char i, j, k;
  12   1              _nop_();
  13   1              _nop_();
  14   1              i = 5;
  15   1              j = 52;
  16   1              k = 195;
  17   1              do
  18   1              {
  19   2                      do
  20   2                      {
  21   3                              while (--k);
  22   3                      } while (--j);
  23   2              } while (--i);
  24   1      }
  25          
  26          
  27          /**********************************************************
  28          *  函数名称：系统初始化函数
  29          *  修改日期：2020-01-02
  30          *  姓名：ZhangHJ
  31          *  说明：用于关闭继电器和蜂鸣器
  32          *                1. 74HC138输入101 --> Y5=0 --> CY5=1
  33          *                2. 74HC573的输入经过ULN2003取反后,关闭继电器和蜂鸣器
  34          ***********************************************************/
  35          void System_Init()
  36          {
  37   1              WR = 0;
  38   1              HC138_C = 1;
  39   1              HC138_B = 0;
  40   1              HC138_A = 1;    // Y5=0 --> CY5 =1
  41   1              P0 = 0x00;              // 关闭继电器和蜂鸣器
  42   1      }
  43          
  44          
  45          /**********************************************************
  46          *  函数名称：LED初始化函数
  47          *  修改日期：2020-01-02
  48          *  姓名：ZhangHJ
  49          *  说明：用于配置LED
  50          *                1. 74HC138输入100 --> Y4=0 --> CY4=1
  51          *                2. WR或非Y4 --> CY4
  52          ***********************************************************/
  53          void LED_config()
  54          {
C51 COMPILER V9.57.0.0   LED                                                               01/02/2020 16:20:57 PAGE 2   

  55   1              WR = 0;
  56   1              HC138_C = 1;
  57   1              HC138_B = 0;
  58   1              HC138_A = 0;
  59   1      }


MODULE INFORMATION:   STATIC OVERLAYABLE
   CODE SIZE        =     36    ----
   CONSTANT SIZE    =   ----    ----
   XDATA SIZE       =   ----    ----
   PDATA SIZE       =   ----    ----
   DATA SIZE        =   ----    ----
   IDATA SIZE       =   ----    ----
   BIT SIZE         =   ----    ----
END OF MODULE INFORMATION.


C51 COMPILATION COMPLETE.  0 WARNING(S),  0 ERROR(S)
