C51 COMPILER V9.57.0.0   MAIN                                                              01/02/2020 16:20:57 PAGE 1   


C51 COMPILER V9.57.0.0, COMPILATION OF MODULE MAIN
OBJECT MODULE PLACED IN .\Objects\main.obj
COMPILER INVOKED BY: E:\MDK\install\Core\C51\BIN\C51.EXE main.c OPTIMIZE(8,SPEED) BROWSE DEBUG OBJECTEXTEND PRINT(.\List
                    -ings\main.lst) OBJECT(.\Objects\main.obj)

line level    source

   1          #include "led.h"
   2          
   3          // 主函数功能：关闭蜂鸣器和继电器,LED循环点亮
   4          void main()
   5          {
   6   1              System_Init();
   7   1              LED_config();
   8   1              P0 = 0xFE;
   9   1              while(1)
  10   1              {
  11   2                      Delay100ms();
  12   2                      P0 = _crol_(P0, 1);
  13   2              }
  14   1      }


MODULE INFORMATION:   STATIC OVERLAYABLE
   CODE SIZE        =     27    ----
   CONSTANT SIZE    =   ----    ----
   XDATA SIZE       =   ----    ----
   PDATA SIZE       =   ----    ----
   DATA SIZE        =   ----    ----
   IDATA SIZE       =   ----    ----
   BIT SIZE         =   ----    ----
END OF MODULE INFORMATION.


C51 COMPILATION COMPLETE.  0 WARNING(S),  0 ERROR(S)
