C51 COMPILER V9.57.0.0   MAIN                                                              12/03/2019 15:22:12 PAGE 1   


C51 COMPILER V9.57.0.0, COMPILATION OF MODULE MAIN
OBJECT MODULE PLACED IN .\Objects\main.obj
COMPILER INVOKED BY: E:\MDK\install\Core\C51\BIN\C51.EXE main.c OPTIMIZE(8,SPEED) BROWSE DEBUG OBJECTEXTEND PRINT(.\List
                    -ings\main.lst) OBJECT(.\Objects\main.obj)

line level    source

   1          #include <reg52.h>
   2          #include <intrins.h>
   3          #define uchar unsigned char
   4          #define uint unsigned int
   5          #define Hex2Char(x) ((x/10)*10+(x%10)-48)
   6          sbit HC138_A = P2^5;
   7          sbit HC138_B = P2^6;
   8          sbit HC138_C = P2^7;
   9          uchar show_data;
  10          uchar tab[] = {0xc0,0xf9,0xa4,0xb0,0x99,0x92,0x82,0xf8,0x80,0x90};
  11          
  12          void Delay20ms()                //@11.0592MHz
  13          {
  14   1              unsigned char i, j, k;
  15   1              _nop_();
  16   1              _nop_();
  17   1              i = 1;
  18   1              j = 216;
  19   1              k = 35;
  20   1              do
  21   1              {
  22   2                      do
  23   2                      {
  24   3                              while (--k);
  25   3                      } while (--j);
  26   2              } while (--i);
  27   1      }
  28          
  29          void System_Init()
  30          {
  31   1              HC138_A = 1;
  32   1              HC138_B = 0;
  33   1              HC138_C = 1;
  34   1              WR = 0;
  35   1              P0 = 0x00;
  36   1              HC138_A = 0;
  37   1              HC138_B = 0;
  38   1              HC138_C = 1;
  39   1              WR = 0;
  40   1              P0 = 0xFF;
  41   1      }
  42          
  43          void UartInit(void)             //9600bps@11.0592MHz
  44          {
  45   1              SCON = 0x50;            //8位数据,可变波特率
  46   1              AUXR &= 0xBF;           //定时器1时钟为Fosc/12,即12T
  47   1              AUXR &= 0xFE;           //串口1选择定时器1为波特率发生器
  48   1              TMOD &= 0x0F;           //设定定时器1为16位自动重装方式
  49   1              TL1 = 0xE8;             //设定定时初值
  50   1              TH1 = 0xFF;             //设定定时初值
  51   1              ET1 = 0;                //禁止定时器1中断
  52   1              TR1 = 1;                //启动定时器1
  53   1      }
  54          
C51 COMPILER V9.57.0.0   MAIN                                                              12/03/2019 15:22:12 PAGE 2   

  55          /**********************************************************
  56          *  函数名称：串口1中断服务函数
  57          *  日期：2019-11-21
  58          *  姓名：ZhangHJ
  59          *  说明：1. 接收数据
  60          *                2. 清除接收标志位
  61          *                3. 发送接收到的数据
  62          *                4. 等待发送完成
  63          *                5. 清除发送标志位
  64          ***********************************************************/
  65          void UartService() interrupt 4
  66          {
  67   1              uchar temp;
  68   1              temp = SBUF;    // 接收数据
  69   1              RI = 0;                 // 清除接收中断标志位
  70   1              show_data = temp;
  71   1      //      SBUF = show_data;
  72   1      //      while(!TI);             // 等待发送完成
  73   1      //      TI = 0;                 // 清除发送中断标志位
  74   1      }
  75          
  76          void LED_Init()
  77          {
  78   1              HC138_A = 0;
  79   1              HC138_B = 1;
  80   1              HC138_C = 1;
  81   1              WR = 0;
  82   1              P0 = 0xff;
  83   1              HC138_A = 1;
  84   1              HC138_B = 1;
  85   1              HC138_C = 1;
  86   1              WR = 0;
  87   1      }
  88          
  89          void main()
  90          {
  91   1              System_Init();
  92   1              UartInit();
  93   1              LED_Init();
  94   1              while(1)
  95   1              {
  96   2                      P0 = tab[Hex2Char(show_data)];
  97   2                      Delay20ms();
  98   2              }
  99   1      }


MODULE INFORMATION:   STATIC OVERLAYABLE
   CODE SIZE        =    138    ----
   CONSTANT SIZE    =   ----    ----
   XDATA SIZE       =   ----    ----
   PDATA SIZE       =   ----    ----
   DATA SIZE        =     11    ----
   IDATA SIZE       =   ----    ----
   BIT SIZE         =   ----    ----
END OF MODULE INFORMATION.


C51 COMPILATION COMPLETE.  0 WARNING(S),  0 ERROR(S)
